<?xml version="1.0" encoding="UTF-8"?>
<ruletest xmlns:xsi="http://www.w3.org/2001/XMLSchema-instance"
          xmlns="http://windup.jboss.org/schema/jboss-ruleset"
          xmlns:windupfunctions="windupcustomfunctions"
          xmlns:windup="http://windup.jboss.org/schema/jboss-ruleset"
          id="technology-usage-test-frameworks-test"
          xsi:schemaLocation="http://windup.jboss.org/schema/jboss-ruleset http://windup.jboss.org/schema/jboss-ruleset/windup-jboss-ruleset.xsd">
  <testDataPath>data/test-frameworks-usage</testDataPath>
  <rulePath>../test-frameworks-usage.windup.xml</rulePath>
  <rulePath>../test-frameworks-technology-usage.windup.xml</rulePath>
   <ruleset>
      <rules>
         <rule id="technology-usage-test-frameworks-00010-test">
            <when>
               <not>
                  <technology-statistics-exists name="EasyMock" number-found="1">
                     <tag name="Sustain"/>
                     <tag name="Embedded"/>
                     <tag name="Test"/>
                  </technology-statistics-exists>
               </not>
            </when>
            <perform>
               <fail message="Expected data not found for rule technology-usage-test-frameworks-00010"/>
            </perform>
         </rule>
         <rule id="technology-usage-test-frameworks-00020-test">
            <when>
               <not>
                  <technology-statistics-exists name="PowerMock" number-found="1">
                     <tag name="Sustain"/>
                     <tag name="Embedded"/>
                     <tag name="Test"/>
                  </technology-statistics-exists>
               </not>
            </when>
            <perform>
               <fail message="Expected data not found for rule technology-usage-test-frameworks-00020"/>
            </perform>
         </rule>
         <rule id="technology-usage-test-frameworks-00030-test">
            <when>
               <not>
                  <technology-statistics-exists name="Mockito" number-found="1">
                     <tag name="Sustain"/>
                     <tag name="Embedded"/>
                     <tag name="Test"/>
                  </technology-statistics-exists>
               </not>
            </when>
            <perform>
               <fail message="Expected data not found for rule technology-usage-test-frameworks-00030"/>
            </perform>
         </rule>
         <rule id="technology-usage-test-frameworks-00040-test">
            <when>
               <not>
                  <technology-statistics-exists name="TestNG" number-found="1">
                     <tag name="Sustain"/>
                     <tag name="Embedded"/>
                     <tag name="Test"/>
                  </technology-statistics-exists>
               </not>
            </when>
            <perform>
               <fail message="Expected data not found for rule technology-usage-test-frameworks-00040"/>
            </perform>
         </rule>
         <rule id="technology-usage-test-frameworks-00050-test">
            <when>
               <not>
                  <technology-statistics-exists name="Hamcrest" number-found="1">
                     <tag name="Sustain"/>
                     <tag name="Embedded"/>
                     <tag name="Test"/>
                  </technology-statistics-exists>
               </not>
            </when>
            <perform>
               <fail message="Expected data not found for rule technology-usage-test-frameworks-00050"/>
            </perform>
         </rule>
         <rule id="technology-usage-test-frameworks-00060-test">
            <when>
               <not>
                  <technology-statistics-exists name="Spock" number-found="1">
                     <tag name="Sustain"/>
                     <tag name="Embedded"/>
                     <tag name="Test"/>
                  </technology-statistics-exists>
               </not>
            </when>
            <perform>
               <fail message="Expected data not found for rule technology-usage-test-frameworks-00060"/>
            </perform>
         </rule>
         <rule id="technology-usage-test-frameworks-00070-test">
            <when>
               <not>
                  <technology-statistics-exists name="XMLUnit" number-found="1">
                     <tag name="Sustain"/>
                     <tag name="Embedded"/>
                     <tag name="Test"/>
                  </technology-statistics-exists>
               </not>
            </when>
            <perform>
               <fail message="Expected data not found for rule technology-usage-test-frameworks-00070"/>
            </perform>
         </rule>
         <rule id="technology-usage-test-frameworks-00080-test">
            <when>
               <not>
                  <technology-statistics-exists name="Akka Testkit" number-found="1">
                     <tag name="Sustain"/>
                     <tag name="Embedded"/>
                     <tag name="Test"/>
                  </technology-statistics-exists>
               </not>
            </when>
            <perform>
               <fail message="Expected data not found for rule technology-usage-test-frameworks-00080"/>
            </perform>
         </rule>
         <rule id="technology-usage-test-frameworks-00090-test">
            <when>
               <not>
                  <technology-statistics-exists name="REST Assured" number-found="1">
                     <tag name="Sustain"/>
                     <tag name="Embedded"/>
                     <tag name="Test"/>
                  </technology-statistics-exists>
               </not>
            </when>
            <perform>
               <fail message="Expected data not found for rule technology-usage-test-frameworks-00090"/>
            </perform>
         </rule>
         <rule id="technology-usage-test-frameworks-00100-test">
            <when>
               <not>
                  <technology-statistics-exists name="DbUnit" number-found="1">
                     <tag name="Sustain"/>
                     <tag name="Embedded"/>
                     <tag name="Test"/>
                  </technology-statistics-exists>
               </not>
            </when>
            <perform>
               <fail message="Expected data not found for rule technology-usage-test-frameworks-00100"/>
            </perform>
         </rule>
         <rule id="technology-usage-test-frameworks-00110-test">
            <when>
               <not>
                  <technology-statistics-exists name="Mule Functional Test Framework" number-found="1">
                     <tag name="Sustain"/>
                     <tag name="Embedded"/>
                     <tag name="Test"/>
                  </technology-statistics-exists>
               </not>
            </when>
            <perform>
               <fail message="Expected data not found for rule technology-usage-test-frameworks-00110"/>
            </perform>
         </rule>
         <rule id="technology-usage-test-frameworks-00120-test">
            <when>
               <not>
                  <technology-statistics-exists name="Guava Testing" number-found="1">
                     <tag name="Sustain"/>
                     <tag name="Embedded"/>
                     <tag name="Test"/>
                  </technology-statistics-exists>
               </not>
            </when>
            <perform>
               <fail message="Expected data not found for rule technology-usage-test-frameworks-00120"/>
            </perform>
         </rule>
         <rule id="technology-usage-test-frameworks-00130-test">
            <when>
               <not>
                  <technology-statistics-exists name="RandomizedTesting Runner" number-found="1">
                     <tag name="Sustain"/>
                     <tag name="Embedded"/>
                     <tag name="Test"/>
                  </technology-statistics-exists>
               </not>
            </when>
            <perform>
               <fail message="Expected data not found for rule technology-usage-test-frameworks-00130"/>
            </perform>
         </rule>
         <rule id="technology-usage-test-frameworks-00140-test">
            <when>
               <not>
                  <technology-statistics-exists name="HttpUnit" number-found="1">
                     <tag name="Sustain"/>
                     <tag name="Embedded"/>
                     <tag name="Test"/>
                  </technology-statistics-exists>
               </not>
            </when>
            <perform>
               <fail message="Expected data not found for rule technology-usage-test-frameworks-00140"/>
            </perform>
         </rule>
         <rule id="technology-usage-test-frameworks-00150-test">
            <when>
               <not>
                  <technology-statistics-exists name="JCunit" number-found="1">
                     <tag name="Sustain"/>
                     <tag name="Embedded"/>
                     <tag name="Test"/>
                  </technology-statistics-exists>
               </not>
            </when>
            <perform>
               <fail message="Expected data not found for rule technology-usage-test-frameworks-00150"/>
            </perform>
         </rule>
         <rule id="technology-usage-test-frameworks-00160-test">
            <when>
               <not>
                  <technology-statistics-exists name="JPA Matchers" number-found="1">
                     <tag name="Sustain"/>
                     <tag name="Embedded"/>
                     <tag name="Test"/>
                  </technology-statistics-exists>
               </not>
            </when>
            <perform>
               <fail message="Expected data not found for rule technology-usage-test-frameworks-00160"/>
            </perform>
         </rule>
         <rule id="technology-usage-test-frameworks-00170-test">
            <when>
               <not>
                  <technology-statistics-exists name="MultithreadedTC" number-found="1">
                     <tag name="Sustain"/>
                     <tag name="Embedded"/>
                     <tag name="Test"/>
                  </technology-statistics-exists>
               </not>
            </when>
            <perform>
               <fail message="Expected data not found for rule technology-usage-test-frameworks-00170"/>
            </perform>
         </rule>
         <rule id="technology-usage-test-frameworks-00180-test">
            <when>
               <not>
                  <technology-statistics-exists name="Specsy" number-found="1">
                     <tag name="Sustain"/>
                     <tag name="Embedded"/>
                     <tag name="Test"/>
                  </technology-statistics-exists>
               </not>
            </when>
            <perform>
               <fail message="Expected data not found for rule technology-usage-test-frameworks-00180"/>
            </perform>
         </rule>
         <rule id="technology-usage-test-frameworks-00190-test">
            <when>
               <not>
                  <technology-statistics-exists name="JFunk" number-found="1">
                     <tag name="Sustain"/>
                     <tag name="Embedded"/>
                     <tag name="Test"/>
                  </technology-statistics-exists>
               </not>
            </when>
            <perform>
               <fail message="Expected data not found for rule technology-usage-test-frameworks-00190"/>
            </perform>
         </rule>
         <rule id="technology-usage-test-frameworks-00200-test">
            <when>
               <not>
                  <technology-statistics-exists name="Restito" number-found="1">
                     <tag name="Sustain"/>
                     <tag name="Embedded"/>
                     <tag name="Test"/>
                  </technology-statistics-exists>
               </not>
            </when>
            <perform>
               <fail message="Expected data not found for rule technology-usage-test-frameworks-00200"/>
            </perform>
         </rule>
         <rule id="technology-usage-test-frameworks-00210-test">
            <when>
               <not>
                  <technology-statistics-exists name="Test Interface" number-found="1">
                     <tag name="Sustain"/>
                     <tag name="Embedded"/>
                     <tag name="Test"/>
                  </technology-statistics-exists>
               </not>
            </when>
            <perform>
               <fail message="Expected data not found for rule technology-usage-test-frameworks-00210"/>
            </perform>
         </rule>
         <rule id="technology-usage-test-frameworks-00220-test">
            <when>
               <not>
                  <technology-statistics-exists name="Play Test" number-found="1">
                     <tag name="Sustain"/>
                     <tag name="Embedded"/>
                     <tag name="Test"/>
                  </technology-statistics-exists>
               </not>
            </when>
            <perform>
               <fail message="Expected data not found for rule technology-usage-test-frameworks-00220"/>
            </perform>
         </rule>
         <rule id="technology-usage-test-frameworks-00230-test">
            <when>
               <not>
                  <technology-statistics-exists name="Arquillian" number-found="1">
                     <tag name="Sustain"/>
                     <tag name="Embedded"/>
                     <tag name="Test"/>
                  </technology-statistics-exists>
               </not>
            </when>
            <perform>
               <fail message="Expected data not found for rule technology-usage-test-frameworks-00230"/>
            </perform>
         </rule>
         <rule id="technology-usage-test-frameworks-00240-test">
            <when>
               <not>
                  <technology-statistics-exists name="Cactus" number-found="1">
                     <tag name="Sustain"/>
                     <tag name="Embedded"/>
                     <tag name="Test"/>
                  </technology-statistics-exists>
               </not>
            </when>
            <perform>
               <fail message="Expected data not found for rule technology-usage-test-frameworks-00240"/>
            </perform>
         </rule>
         <rule id="technology-usage-test-frameworks-00250-test">
            <when>
               <not>
                  <technology-statistics-exists name="Concordion" number-found="1">
                     <tag name="Sustain"/>
                     <tag name="Embedded"/>
                     <tag name="Test"/>
                  </technology-statistics-exists>
               </not>
            </when>
            <perform>
               <fail message="Expected data not found for rule technology-usage-test-frameworks-00250"/>
            </perform>
         </rule>
         <rule id="technology-usage-test-frameworks-00260-test">
            <when>
               <not>
                  <technology-statistics-exists name="Cucumber" number-found="1">
                     <tag name="Sustain"/>
                     <tag name="Embedded"/>
                     <tag name="Test"/>
                  </technology-statistics-exists>
               </not>
            </when>
            <perform>
               <fail message="Expected data not found for rule technology-usage-test-frameworks-00260"/>
            </perform>
         </rule>
         <rule id="technology-usage-test-frameworks-00270-test">
            <when>
               <not>
                  <technology-statistics-exists name="EtlUnit" number-found="1">
                     <tag name="Sustain"/>
                     <tag name="Embedded"/>
                     <tag name="Test"/>
                  </technology-statistics-exists>
               </not>
            </when>
            <perform>
               <fail message="Expected data not found for rule technology-usage-test-frameworks-00270"/>
            </perform>
         </rule>
         <rule id="technology-usage-test-frameworks-00280-test">
            <when>
               <not>
                  <technology-statistics-exists name="HavaRunner" number-found="1">
                     <tag name="Sustain"/>
                     <tag name="Embedded"/>
                     <tag name="Test"/>
                  </technology-statistics-exists>
               </not>
            </when>
            <perform>
               <fail message="Expected data not found for rule technology-usage-test-frameworks-00280"/>
            </perform>
         </rule>
         <rule id="technology-usage-test-frameworks-00290-test">
            <when>
               <not>
                  <technology-statistics-exists name="JBehave" number-found="1">
                     <tag name="Sustain"/>
                     <tag name="Embedded"/>
                     <tag name="Test"/>
                  </technology-statistics-exists>
               </not>
            </when>
            <perform>
               <fail message="Expected data not found for rule technology-usage-test-frameworks-00290"/>
            </perform>
         </rule>
         <rule id="technology-usage-test-frameworks-00300-test">
            <when>
               <not>
                  <technology-statistics-exists name="JMock" number-found="1">
                     <tag name="Sustain"/>
                     <tag name="Embedded"/>
                     <tag name="Test"/>
                  </technology-statistics-exists>
               </not>
            </when>
            <perform>
               <fail message="Expected data not found for rule technology-usage-test-frameworks-00300"/>
            </perform>
         </rule>
         <rule id="technology-usage-test-frameworks-00310-test">
            <when>
               <not>
                  <technology-statistics-exists name="JMockit" number-found="1">
                     <tag name="Sustain"/>
                     <tag name="Embedded"/>
                     <tag name="Test"/>
                  </technology-statistics-exists>
               </not>
            </when>
            <perform>
               <fail message="Expected data not found for rule technology-usage-test-frameworks-00310"/>
            </perform>
         </rule>
         <rule id="technology-usage-test-frameworks-00320-test">
            <when>
               <not>
                  <technology-statistics-exists name="Jukito" number-found="1">
                     <tag name="Sustain"/>
                     <tag name="Embedded"/>
                     <tag name="Test"/>
                  </technology-statistics-exists>
               </not>
            </when>
            <perform>
               <fail message="Expected data not found for rule technology-usage-test-frameworks-00320"/>
            </perform>
         </rule>
         <rule id="technology-usage-test-frameworks-00330-test">
            <when>
               <not>
                  <technology-statistics-exists name="Needle" number-found="1">
                     <tag name="Sustain"/>
                     <tag name="Embedded"/>
                     <tag name="Test"/>
                  </technology-statistics-exists>
               </not>
            </when>
            <perform>
               <fail message="Expected data not found for rule technology-usage-test-frameworks-00330"/>
            </perform>
         </rule>
         <rule id="technology-usage-test-frameworks-00340-test">
            <when>
               <not>
                  <technology-statistics-exists name="OpenPojo" number-found="1">
                     <tag name="Sustain"/>
                     <tag name="Embedded"/>
                     <tag name="Test"/>
                  </technology-statistics-exists>
               </not>
            </when>
            <perform>
               <fail message="Expected data not found for rule technology-usage-test-frameworks-00340"/>
            </perform>
         </rule>
         <rule id="technology-usage-test-frameworks-00350-test">
            <when>
               <not>
                  <technology-statistics-exists name="Unitils" number-found="1">
                     <tag name="Sustain"/>
                     <tag name="Embedded"/>
                     <tag name="Test"/>
                  </technology-statistics-exists>
               </not>
            </when>
            <perform>
               <fail message="Expected data not found for rule technology-usage-test-frameworks-00350"/>
            </perform>
         </rule>
         <rule id="technology-usage-test-frameworks-00360-test">
            <when>
               <not>
                  <technology-statistics-exists name="Spring Test" number-found="1">
                     <tag name="Sustain"/>
                     <tag name="Embedded"/>
                     <tag name="Test"/>
                  </technology-statistics-exists>
               </not>
            </when>
            <perform>
               <fail message="Expected data not found for rule technology-usage-test-frameworks-00360"/>
            </perform>
         </rule>
         <rule id="technology-usage-test-frameworks-00370-test">
            <when>
               <not>
                  <technology-statistics-exists name="JUnit" number-found="1">
                     <tag name="Sustain"/>
                     <tag name="Embedded"/>
                     <tag name="Test"/>
                  </technology-statistics-exists>
               </not>
            </when>
            <perform>
               <fail message="Expected data not found for rule technology-usage-test-frameworks-00370"/>
            </perform>
         </rule>
      </rules>
   </ruleset>
</ruletest>
