<?xml version="1.0" encoding="UTF-8"?>
<ruletest xmlns:xsi="http://www.w3.org/2001/XMLSchema-instance"
          xmlns="http://windup.jboss.org/schema/jboss-ruleset"
          xmlns:windupfunctions="windupcustomfunctions"
          xmlns:windup="http://windup.jboss.org/schema/jboss-ruleset"
          id="test-frameworks-usage-test"
          xsi:schemaLocation="http://windup.jboss.org/schema/jboss-ruleset http://windup.jboss.org/schema/jboss-ruleset/windup-jboss-ruleset.xsd">
    <testDataPath>data/test-frameworks-usage</testDataPath>
    <rulePath>../test-frameworks-usage.windup.xml</rulePath>
   <ruleset>
      <rules>
         <rule id="test-frameworks-sauge-00010-test">
            <when>
               <not>
                  <classification-exists classification="Embedded framework - EasyMock"/>
                  <technology-tag-exists technology-tag="EasyMock"/>
               </not>
            </when>
            <perform>
               <fail message="Expected data not found for rule test-frameworks-sauge-00010"/>
            </perform>
         </rule>
         <rule id="test-frameworks-sauge-00020-test">
            <when>
               <not>
                  <classification-exists classification="Embedded framework - PowerMock"/>
                  <technology-tag-exists technology-tag="PowerMock"/>
               </not>
            </when>
            <perform>
               <fail message="Expected data not found for rule test-frameworks-sauge-00020"/>
            </perform>
         </rule>
         <rule id="test-frameworks-sauge-00030-test">
            <when>
               <not>
                  <classification-exists classification="Embedded framework - Mockito"/>
                  <technology-tag-exists technology-tag="Mockito"/>
               </not>
            </when>
            <perform>
               <fail message="Expected data not found for rule test-frameworks-sauge-00030"/>
            </perform>
         </rule>
         <rule id="test-frameworks-sauge-00040-test">
            <when>
               <not>
                  <classification-exists classification="Embedded framework - TestNG"/>
                  <technology-tag-exists technology-tag="TestNG"/>
               </not>
            </when>
            <perform>
               <fail message="Expected data not found for rule test-frameworks-sauge-00040"/>
            </perform>
         </rule>
         <rule id="test-frameworks-sauge-00050-test">
            <when>
               <not>
                  <classification-exists classification="Embedded framework - Hamcrest"/>
                  <technology-tag-exists technology-tag="Hamcrest"/>
               </not>
            </when>
            <perform>
               <fail message="Expected data not found for rule test-frameworks-sauge-00050"/>
            </perform>
         </rule>
         <rule id="test-frameworks-sauge-00060-test">
            <when>
               <not>
                  <classification-exists classification="Embedded framework - Spring Test"/>
                  <technology-tag-exists technology-tag="Spring Test"/>
               </not>
            </when>
            <perform>
               <fail message="Expected data not found for rule test-frameworks-sauge-00060"/>
            </perform>
         </rule>
         <rule id="test-frameworks-sauge-00070-test">
            <when>
               <not>
                  <classification-exists classification="Embedded framework - Spock"/>
                  <technology-tag-exists technology-tag="Spock"/>
               </not>
            </when>
            <perform>
               <fail message="Expected data not found for rule test-frameworks-sauge-00070"/>
            </perform>
         </rule>
         <rule id="test-frameworks-sauge-00080-test">
            <when>
               <not>
                  <classification-exists classification="Embedded framework - XMLUnit"/>
                  <technology-tag-exists technology-tag="XMLUnit"/>
               </not>
            </when>
            <perform>
               <fail message="Expected data not found for rule test-frameworks-sauge-00080"/>
            </perform>
         </rule>
         <rule id="test-frameworks-sauge-00090-test">
            <when>
               <not>
                  <classification-exists classification="Embedded framework - Akka Testkit"/>
                  <technology-tag-exists technology-tag="Akka Testkit"/>
               </not>
            </when>
            <perform>
               <fail message="Expected data not found for rule test-frameworks-sauge-00090"/>
            </perform>
         </rule>
         <rule id="test-frameworks-sauge-00100-test">
            <when>
               <not>
                  <classification-exists classification="Embedded framework - REST Assured"/>
                  <technology-tag-exists technology-tag="REST Assured"/>
               </not>
            </when>
            <perform>
               <fail message="Expected data not found for rule test-frameworks-sauge-00100"/>
            </perform>
         </rule>
         <rule id="test-frameworks-sauge-00110-test">
            <when>
               <not>
                  <classification-exists classification="Embedded library - DbUnit"/>
                  <technology-tag-exists technology-tag="DbUnit"/>
               </not>
            </when>
            <perform>
               <fail message="Expected data not found for rule test-frameworks-sauge-00110"/>
            </perform>
         </rule>
         <rule id="test-frameworks-sauge-00120-test">
            <when>
               <not>
                  <classification-exists classification="Embedded framework - Mule Functional Test Framework \(TCK\)"/>
                  <technology-tag-exists technology-tag="Mule Functional Test Framework"/>
               </not>
            </when>
            <perform>
               <fail message="Expected data not found for rule test-frameworks-sauge-00120"/>
            </perform>
         </rule>
         <rule id="test-frameworks-sauge-00130-test">
            <when>
               <not>
                  <classification-exists classification="Embedded framework - Guava Testing Library"/>
                  <technology-tag-exists technology-tag="Guava Testing"/>
               </not>
            </when>
            <perform>
               <fail message="Expected data not found for rule test-frameworks-sauge-00130"/>
            </perform>
         </rule>
         <rule id="test-frameworks-sauge-00140-test">
            <when>
               <not>
                  <classification-exists classification="Embedded framework - RandomizedTesting Randomized Runner"/>
                  <technology-tag-exists technology-tag="RandomizedTesting Runner"/>
               </not>
            </when>
            <perform>
               <fail message="Expected data not found for rule test-frameworks-sauge-00140"/>
            </perform>
         </rule>
         <rule id="test-frameworks-sauge-00150-test">
            <when>
               <not>
                  <classification-exists classification="Embedded framework - HttpUnit"/>
                  <technology-tag-exists technology-tag="HttpUnit"/>
               </not>
            </when>
            <perform>
               <fail message="Expected data not found for rule test-frameworks-sauge-00150"/>
            </perform>
         </rule>
         <rule id="test-frameworks-sauge-00160-test">
            <when>
               <not>
                  <classification-exists classification="Embedded framework - JCUnit"/>
                  <technology-tag-exists technology-tag="JCunit"/>
               </not>
            </when>
            <perform>
               <fail message="Expected data not found for rule test-frameworks-sauge-00160"/>
            </perform>
         </rule>
         <rule id="test-frameworks-sauge-00170-test">
            <when>
               <not>
                  <classification-exists classification="Embedded framework - JPA Matchers"/>
                  <technology-tag-exists technology-tag="JPA Matchers"/>
               </not>
            </when>
            <perform>
               <fail message="Expected data not found for rule test-frameworks-sauge-00170"/>
            </perform>
         </rule>
         <rule id="test-frameworks-sauge-00180-test">
            <when>
               <not>
                  <classification-exists classification="Embedded framework - MultithreadedTC"/>
                  <technology-tag-exists technology-tag="MultithreadedTC"/>
               </not>
            </when>
            <perform>
               <fail message="Expected data not found for rule test-frameworks-sauge-00180"/>
            </perform>
         </rule>
         <rule id="test-frameworks-sauge-00190-test">
            <when>
               <not>
                  <classification-exists classification="Embedded framework - Specsy"/>
                  <technology-tag-exists technology-tag="Specsy"/>
               </not>
            </when>
            <perform>
               <fail message="Expected data not found for rule test-frameworks-sauge-00190"/>
            </perform>
         </rule>
         <rule id="test-frameworks-sauge-00200-test">
            <when>
               <not>
                  <classification-exists classification="Embedded framework - JFunk"/>
                  <technology-tag-exists technology-tag="JFunk"/>
               </not>
            </when>
            <perform>
               <fail message="Expected data not found for rule test-frameworks-sauge-00200"/>
            </perform>
         </rule>
         <rule id="test-frameworks-sauge-00210-test">
            <when>
               <not>
                  <classification-exists classification="Embedded framework - Restito"/>
                  <technology-tag-exists technology-tag="Restito"/>
               </not>
            </when>
            <perform>
               <fail message="Expected data not found for rule test-frameworks-sauge-00210"/>
            </perform>
         </rule>
         <rule id="test-frameworks-sauge-00220-test">
            <when>
               <not>
                  <classification-exists classification="Embedded framework - Test Interface"/>
                  <technology-tag-exists technology-tag="Test Interface"/>
               </not>
            </when>
            <perform>
               <fail message="Expected data not found for rule test-frameworks-sauge-00220"/>
            </perform>
         </rule>
         <rule id="test-frameworks-sauge-00230-test">
            <when>
               <not>
                  <classification-exists classification="Embedded framework - Play Test"/>
                  <technology-tag-exists technology-tag="Play Test"/>
               </not>
            </when>
            <perform>
               <fail message="Expected data not found for rule test-frameworks-sauge-00230"/>
            </perform>
         </rule>
         <rule id="test-frameworks-sauge-00240-test">
            <when>
               <not>
                  <classification-exists classification="Embedded framework - Arquillian"/>
                  <technology-tag-exists technology-tag="Arquillian"/>
               </not>
            </when>
            <perform>
               <fail message="Expected data not found for rule test-frameworks-sauge-00240"/>
            </perform>
         </rule>
         <rule id="test-frameworks-sauge-00560-test">
            <when>
               <not>
                  <classification-exists classification="Embedded framework - Cactus"/>
                  <technology-tag-exists technology-tag="Cactus"/>
               </not>
            </when>
            <perform>
               <fail message="Expected data not found for rule test-frameworks-sauge-00560"/>
            </perform>
         </rule>
         <rule id="test-frameworks-sauge-00260-test">
            <when>
               <not>
                  <classification-exists classification="Embedded framework - Concordion"/>
                  <technology-tag-exists technology-tag="Concordion"/>
               </not>
            </when>
            <perform>
               <fail message="Expected data not found for rule test-frameworks-sauge-00260"/>
            </perform>
         </rule>
         <rule id="test-frameworks-sauge-00270-test">
            <when>
               <not>
                  <classification-exists classification="Embedded framework - Cucumber"/>
                  <technology-tag-exists technology-tag="Cucumber"/>
               </not>
            </when>
            <perform>
               <fail message="Expected data not found for rule test-frameworks-sauge-00270"/>
            </perform>
         </rule>
         <rule id="test-frameworks-sauge-00280-test">
            <when>
               <not>
                  <classification-exists classification="Embedded framework - EtlUnit"/>
                  <technology-tag-exists technology-tag="EtlUnit"/>
               </not>
            </when>
            <perform>
               <fail message="Expected data not found for rule test-frameworks-sauge-00280"/>
            </perform>
         </rule>
         <rule id="test-frameworks-sauge-00290-test">
            <when>
               <not>
                  <classification-exists classification="Embedded framework - HavaRunner"/>
                  <technology-tag-exists technology-tag="HavaRunner"/>
               </not>
            </when>
            <perform>
               <fail message="Expected data not found for rule test-frameworks-sauge-00290"/>
            </perform>
         </rule>
         <rule id="test-frameworks-sauge-00300-test">
            <when>
               <not>
                  <classification-exists classification="Embedded framework - JBehave"/>
                  <technology-tag-exists technology-tag="JBehave"/>
               </not>
            </when>
            <perform>
               <fail message="Expected data not found for rule test-frameworks-sauge-00300"/>
            </perform>
         </rule>
         <rule id="test-frameworks-sauge-00310-test">
            <when>
               <not>
                  <classification-exists classification="Embedded framework - JMock"/>
                  <technology-tag-exists technology-tag="JMock"/>
               </not>
            </when>
            <perform>
               <fail message="Expected data not found for rule test-frameworks-sauge-00310"/>
            </perform>
         </rule>
         <rule id="test-frameworks-sauge-00320-test">
            <when>
               <not>
                  <classification-exists classification="Embedded framework - JMockit"/>
                  <technology-tag-exists technology-tag="JMockit"/>
               </not>
            </when>
            <perform>
               <fail message="Expected data not found for rule test-frameworks-sauge-00320"/>
            </perform>
         </rule>
         <rule id="test-frameworks-sauge-00330-test">
            <when>
               <not>
                  <classification-exists classification="Embedded framework - Jukito"/>
                  <technology-tag-exists technology-tag="Jukito"/>
               </not>
            </when>
            <perform>
               <fail message="Expected data not found for rule test-frameworks-sauge-00330"/>
            </perform>
         </rule>
         <rule id="test-frameworks-sauge-00340-test">
            <when>
               <not>
                  <classification-exists classification="Embedded framework - Needle"/>
                  <technology-tag-exists technology-tag="Needle"/>
               </not>
            </when>
            <perform>
               <fail message="Expected data not found for rule test-frameworks-sauge-00340"/>
            </perform>
         </rule>
         <rule id="test-frameworks-sauge-00350-test">
            <when>
               <not>
                  <classification-exists classification="Embedded framework - OpenPojo"/>
                  <technology-tag-exists technology-tag="OpenPojo"/>
               </not>
            </when>
            <perform>
               <fail message="Expected data not found for rule test-frameworks-sauge-00350"/>
            </perform>
         </rule>
         <rule id="test-frameworks-sauge-00360-test">
            <when>
               <not>
                  <classification-exists classification="Embedded framework - Unitils"/>
                  <technology-tag-exists technology-tag="Unitils"/>
               </not>
            </when>
            <perform>
               <fail message="Expected data not found for rule test-frameworks-sauge-00360"/>
            </perform>
         </rule>
         <rule id="test-frameworks-sauge-00370-test">
            <when>
               <not>
                  <classification-exists classification="Embedded framework - JUnit"/>
                  <technology-tag-exists technology-tag="JUnit"/>
               </not>
            </when>
            <perform>
               <fail message="Expected data not found for rule test-frameworks-sauge-00370"/>
            </perform>
         </rule>
      </rules>
   </ruleset>
</ruletest>
