<?xml version="1.0"?>
<ruleset id="technology-usage-test-frameworks" 
    xmlns="http://windup.jboss.org/schema/jboss-ruleset" 
    xmlns:xsi="http://www.w3.org/2001/XMLSchema-instance" xsi:schemaLocation="http://windup.jboss.org/schema/jboss-ruleset http://windup.jboss.org/schema/jboss-ruleset/windup-jboss-ruleset.xsd">
    <metadata>
        <description>
            This ruleset provides statistical summaries of the test frameworks that were found during the analysis.
        </description>
        <dependencies>
            <addon id="org.jboss.windup.rules,windup-rules-javaee,3.0.0.Final" />
            <addon id="org.jboss.windup.rules,windup-rules-java,3.0.0.Final" />
        </dependencies>
        <phase>PostMigrationRulesPhase</phase>
    </metadata>
    <rules>
        <rule id="technology-usage-test-frameworks-00010">
            <when>
                <graph-query discriminator="TechnologyTagModel">
                    <property name="name">EasyMock (embedded)</property>
                </graph-query>
            </when>
            <perform>
                <technology-identified name="EasyMock">
                    <tag name="Sustain"/>
                    <tag name="Embedded"/>
                    <tag name="Test"/>
                </technology-identified>
            </perform>
        </rule>
        <rule id="technology-usage-test-frameworks-00020">
            <when>
                <graph-query discriminator="TechnologyTagModel">
                    <property name="name">PowerMock (embedded)</property>
                </graph-query>
            </when>
            <perform>
                <technology-identified name="PowerMock">
                    <tag name="Sustain"/>
                    <tag name="Embedded"/>
                    <tag name="Test"/>
                </technology-identified>
            </perform>
        </rule>
        <rule id="technology-usage-test-frameworks-00030">
            <when>
                <graph-query discriminator="TechnologyTagModel">
                    <property name="name">Mockito (embedded)</property>
                </graph-query>
            </when>
            <perform>
                <technology-identified name="Mockito">
                    <tag name="Sustain"/>
                    <tag name="Embedded"/>
                    <tag name="Test"/>
                </technology-identified>
            </perform>
        </rule>
        <rule id="technology-usage-test-frameworks-00040">
            <when>
                <graph-query discriminator="TechnologyTagModel">
                    <property name="name">TestNG (embedded)</property>
                </graph-query>
            </when>
            <perform>
                <technology-identified name="TestNG">
                    <tag name="Sustain"/>
                    <tag name="Embedded"/>
                    <tag name="Test"/>
                </technology-identified>
            </perform>
        </rule>
        <rule id="technology-usage-test-frameworks-00050">
            <when>
                <graph-query discriminator="TechnologyTagModel">
                    <property name="name">Hamcrest (embedded)</property>
                </graph-query>
            </when>
            <perform>
                <technology-identified name="Hamcrest">
                    <tag name="Sustain"/>
                    <tag name="Embedded"/>
                    <tag name="Test"/>
                </technology-identified>
            </perform>
        </rule>
        <rule id="technology-usage-test-frameworks-00060">
            <when>
                <graph-query discriminator="TechnologyTagModel">
                    <property name="name">Spock (embedded)</property>
                </graph-query>
            </when>
            <perform>
                <technology-identified name="Spock">
                    <tag name="Sustain"/>
                    <tag name="Embedded"/>
                    <tag name="Test"/>
                </technology-identified>
            </perform>
        </rule>
        <rule id="technology-usage-test-frameworks-00070">
            <when>
                <graph-query discriminator="TechnologyTagModel">
                    <property name="name">XMLUnit (embedded)</property>
                </graph-query>
            </when>
            <perform>
                <technology-identified name="XMLUnit">
                    <tag name="Sustain"/>
                    <tag name="Embedded"/>
                    <tag name="Test"/>
                </technology-identified>
            </perform>
        </rule>
        <rule id="technology-usage-test-frameworks-00080">
            <when>
                <graph-query discriminator="TechnologyTagModel">
                    <property name="name">Akka Testkit (embedded)</property>
                </graph-query>
            </when>
            <perform>
                <technology-identified name="Akka Testkit">
                    <tag name="Sustain"/>
                    <tag name="Embedded"/>
                    <tag name="Test"/>
                </technology-identified>
            </perform>
        </rule>
        <rule id="technology-usage-test-frameworks-00090">
            <when>
                <graph-query discriminator="TechnologyTagModel">
                    <property name="name">REST Assured (embedded)</property>
                </graph-query>
            </when>
            <perform>
                <technology-identified name="REST Assured">
                    <tag name="Sustain"/>
                    <tag name="Embedded"/>
                    <tag name="Test"/>
                </technology-identified>
            </perform>
        </rule>
        <rule id="technology-usage-test-frameworks-00100">
            <when>
                <graph-query discriminator="TechnologyTagModel">
                    <property name="name">DbUnit (embedded)</property>
                </graph-query>
            </when>
            <perform>
                <technology-identified name="DbUnit">
                    <tag name="Sustain"/>
                    <tag name="Embedded"/>
                    <tag name="Test"/>
                </technology-identified>
            </perform>
        </rule>
        <rule id="technology-usage-test-frameworks-00110">
            <when>
                <graph-query discriminator="TechnologyTagModel">
                    <property name="name">Mule Functional Test Framework (embedded)</property>
                </graph-query>
            </when>
            <perform>
                <technology-identified name="Mule Functional Test Framework">
                    <tag name="Sustain"/>
                    <tag name="Embedded"/>
                    <tag name="Test"/>
                </technology-identified>
            </perform>
        </rule>
        <rule id="technology-usage-test-frameworks-00120">
            <when>
                <graph-query discriminator="TechnologyTagModel">
                    <property name="name">Guava Testing (embedded)</property>
                </graph-query>
            </when>
            <perform>
                <technology-identified name="Guava Testing">
                    <tag name="Sustain"/>
                    <tag name="Embedded"/>
                    <tag name="Test"/>
                </technology-identified>
            </perform>
        </rule>
        <rule id="technology-usage-test-frameworks-00130">
            <when>
                <graph-query discriminator="TechnologyTagModel">
                    <property name="name">RandomizedTesting Runner (embedded)</property>
                </graph-query>
            </when>
            <perform>
                <technology-identified name="RandomizedTesting Runner">
                    <tag name="Sustain"/>
                    <tag name="Embedded"/>
                    <tag name="Test"/>
                </technology-identified>
            </perform>
        </rule>
        <rule id="technology-usage-test-frameworks-00140">
            <when>
                <graph-query discriminator="TechnologyTagModel">
                    <property name="name">HttpUnit (embedded)</property>
                </graph-query>
            </when>
            <perform>
                <technology-identified name="HttpUnit">
                    <tag name="Sustain"/>
                    <tag name="Embedded"/>
                    <tag name="Test"/>
                </technology-identified>
            </perform>
        </rule>
        <rule id="technology-usage-test-frameworks-00150">
            <when>
                <graph-query discriminator="TechnologyTagModel">
                    <property name="name">JCunit (embedded)</property>
                </graph-query>
            </when>
            <perform>
                <technology-identified name="JCunit">
                    <tag name="Sustain"/>
                    <tag name="Embedded"/>
                    <tag name="Test"/>
                </technology-identified>
            </perform>
        </rule>
        <rule id="technology-usage-test-frameworks-00160">
            <when>
                <graph-query discriminator="TechnologyTagModel">
                    <property name="name">JPA Matchers (embedded)</property>
                </graph-query>
            </when>
            <perform>
                <technology-identified name="JPA Matchers">
                    <tag name="Sustain"/>
                    <tag name="Embedded"/>
                    <tag name="Test"/>
                </technology-identified>
            </perform>
        </rule>
        <rule id="technology-usage-test-frameworks-00170">
            <when>
                <graph-query discriminator="TechnologyTagModel">
                    <property name="name">MultithreadedTC (embedded)</property>
                </graph-query>
            </when>
            <perform>
                <technology-identified name="MultithreadedTC">
                    <tag name="Sustain"/>
                    <tag name="Embedded"/>
                    <tag name="Test"/>
                </technology-identified>
            </perform>
        </rule>
        <rule id="technology-usage-test-frameworks-00180">
            <when>
                <graph-query discriminator="TechnologyTagModel">
                    <property name="name">Specsy (embedded)</property>
                </graph-query>
            </when>
            <perform>
                <technology-identified name="Specsy">
                    <tag name="Sustain"/>
                    <tag name="Embedded"/>
                    <tag name="Test"/>
                </technology-identified>
            </perform>
        </rule>
        <rule id="technology-usage-test-frameworks-00190">
            <when>
                <graph-query discriminator="TechnologyTagModel">
                    <property name="name">JFunk (embedded)</property>
                </graph-query>
            </when>
            <perform>
                <technology-identified name="JFunk">
                    <tag name="Sustain"/>
                    <tag name="Embedded"/>
                    <tag name="Test"/>
                </technology-identified>
            </perform>
        </rule>
        <rule id="technology-usage-test-frameworks-00200">
            <when>
                <graph-query discriminator="TechnologyTagModel">
                    <property name="name">Restito (embedded)</property>
                </graph-query>
            </when>
            <perform>
                <technology-identified name="Restito">
                    <tag name="Sustain"/>
                    <tag name="Embedded"/>
                    <tag name="Test"/>
                </technology-identified>
            </perform>
        </rule>
        <rule id="technology-usage-test-frameworks-00210">
            <when>
                <graph-query discriminator="TechnologyTagModel">
                    <property name="name">Test Interface (embedded)</property>
                </graph-query>
            </when>
            <perform>
                <technology-identified name="Test Interface">
                    <tag name="Sustain"/>
                    <tag name="Embedded"/>
                    <tag name="Test"/>
                </technology-identified>
            </perform>
        </rule>
        <rule id="technology-usage-test-frameworks-00220">
            <when>
                <graph-query discriminator="TechnologyTagModel">
                    <property name="name">Play Test (embedded)</property>
                </graph-query>
            </when>
            <perform>
                <technology-identified name="Play Test">
                    <tag name="Sustain"/>
                    <tag name="Embedded"/>
                    <tag name="Test"/>
                </technology-identified>
            </perform>
        </rule>
        <rule id="technology-usage-test-frameworks-00230">
            <when>
                <graph-query discriminator="TechnologyTagModel">
                    <property name="name">Arquillian (embedded)</property>
                </graph-query>
            </when>
            <perform>
                <technology-identified name="Arquillian">
                    <tag name="Sustain"/>
                    <tag name="Embedded"/>
                    <tag name="Test"/>
                </technology-identified>
            </perform>
        </rule>
        <rule id="technology-usage-test-frameworks-00240">
            <when>
                <graph-query discriminator="TechnologyTagModel">
                    <property name="name">Cactus (embedded)</property>
                </graph-query>
            </when>
            <perform>
                <technology-identified name="Cactus">
                    <tag name="Sustain"/>
                    <tag name="Embedded"/>
                    <tag name="Test"/>
                </technology-identified>
            </perform>
        </rule>
        <rule id="technology-usage-test-frameworks-00250">
            <when>
                <graph-query discriminator="TechnologyTagModel">
                    <property name="name">Concordion (embedded)</property>
                </graph-query>
            </when>
            <perform>
                <technology-identified name="Concordion">
                    <tag name="Sustain"/>
                    <tag name="Embedded"/>
                    <tag name="Test"/>
                </technology-identified>
            </perform>
        </rule>
        <rule id="technology-usage-test-frameworks-00260">
            <when>
                <graph-query discriminator="TechnologyTagModel">
                    <property name="name">Cucumber (embedded)</property>
                </graph-query>
            </when>
            <perform>
                <technology-identified name="Cucumber">
                    <tag name="Sustain"/>
                    <tag name="Embedded"/>
                    <tag name="Test"/>
                </technology-identified>
            </perform>
        </rule>
        <rule id="technology-usage-test-frameworks-00270">
            <when>
                <graph-query discriminator="TechnologyTagModel">
                    <property name="name">EtlUnit (embedded)</property>
                </graph-query>
            </when>
            <perform>
                <technology-identified name="EtlUnit">
                    <tag name="Sustain"/>
                    <tag name="Embedded"/>
                    <tag name="Test"/>
                </technology-identified>
            </perform>
        </rule>
        <rule id="technology-usage-test-frameworks-00280">
            <when>
                <graph-query discriminator="TechnologyTagModel">
                    <property name="name">HavaRunner (embedded)</property>
                </graph-query>
            </when>
            <perform>
                <technology-identified name="HavaRunner">
                    <tag name="Sustain"/>
                    <tag name="Embedded"/>
                    <tag name="Test"/>
                </technology-identified>
            </perform>
        </rule>
        <rule id="technology-usage-test-frameworks-00290">
            <when>
                <graph-query discriminator="TechnologyTagModel">
                    <property name="name">JBehave (embedded)</property>
                </graph-query>
            </when>
            <perform>
                <technology-identified name="JBehave">
                    <tag name="Sustain"/>
                    <tag name="Embedded"/>
                    <tag name="Test"/>
                </technology-identified>
            </perform>
        </rule>
        <rule id="technology-usage-test-frameworks-00300">
            <when>
                <graph-query discriminator="TechnologyTagModel">
                    <property name="name">JMock (embedded)</property>
                </graph-query>
            </when>
            <perform>
                <technology-identified name="JMock">
                    <tag name="Sustain"/>
                    <tag name="Embedded"/>
                    <tag name="Test"/>
                </technology-identified>
            </perform>
        </rule>
        <rule id="technology-usage-test-frameworks-00310">
            <when>
                <graph-query discriminator="TechnologyTagModel">
                    <property name="name">JMockit (embedded)</property>
                </graph-query>
            </when>
            <perform>
                <technology-identified name="JMockit">
                    <tag name="Sustain"/>
                    <tag name="Embedded"/>
                    <tag name="Test"/>
                </technology-identified>
            </perform>
        </rule>
        <rule id="technology-usage-test-frameworks-00320">
            <when>
                <graph-query discriminator="TechnologyTagModel">
                    <property name="name">Jukito (embedded)</property>
                </graph-query>
            </when>
            <perform>
                <technology-identified name="Jukito">
                    <tag name="Sustain"/>
                    <tag name="Embedded"/>
                    <tag name="Test"/>
                </technology-identified>
            </perform>
        </rule>
        <rule id="technology-usage-test-frameworks-00330">
            <when>
                <graph-query discriminator="TechnologyTagModel">
                    <property name="name">Needle (embedded)</property>
                </graph-query>
            </when>
            <perform>
                <technology-identified name="Needle">
                    <tag name="Sustain"/>
                    <tag name="Embedded"/>
                    <tag name="Test"/>
                </technology-identified>
            </perform>
        </rule>
        <rule id="technology-usage-test-frameworks-00340">
            <when>
                <graph-query discriminator="TechnologyTagModel">
                    <property name="name">OpenPojo (embedded)</property>
                </graph-query>
            </when>
            <perform>
                <technology-identified name="OpenPojo">
                    <tag name="Sustain"/>
                    <tag name="Embedded"/>
                    <tag name="Test"/>
                </technology-identified>
            </perform>
        </rule>
        <rule id="technology-usage-test-frameworks-00350">
            <when>
                <graph-query discriminator="TechnologyTagModel">
                    <property name="name">Unitils (embedded)</property>
                </graph-query>
            </when>
            <perform>
                <technology-identified name="Unitils">
                    <tag name="Sustain"/>
                    <tag name="Embedded"/>
                    <tag name="Test"/>
                </technology-identified>
            </perform>
        </rule>
        <rule id="technology-usage-test-frameworks-00360">
            <when>
                <graph-query discriminator="TechnologyTagModel">
                    <property name="name">Spring Test (embedded)</property>
                </graph-query>
            </when>
            <perform>
                <technology-identified name="Spring Test">
                    <tag name="Sustain"/>
                    <tag name="Embedded"/>
                    <tag name="Test"/>
                </technology-identified>
            </perform>
        </rule>
        <rule id="technology-usage-test-frameworks-00370">
            <when>
                <graph-query discriminator="TechnologyTagModel">
                    <property name="name">JUnit (embedded)</property>
                </graph-query>
            </when>
            <perform>
                <technology-identified name="JUnit">
                    <tag name="Sustain"/>
                    <tag name="Embedded"/>
                    <tag name="Test"/>
                </technology-identified>
            </perform>
        </rule>
    </rules>
</ruleset>
